

Microchip MPLAB XC8 Assembler V2.40 build 20220703182018 
                                                                                               Fri Dec 30 09:43:39 2022

Microchip MPLAB XC8 C Compiler v2.40 (Free license) build 20220703182018 Og1 
     1                           	processor	10F200
     2                           	pagewidth 120
     3                           	opt	flic
     4                           	psect	cinit,global,class=ENTRY,merge=1,delta=2
     5                           	psect	cstackCOMMON,global,class=COMMON,space=1,delta=1,noexec
     6                           	psect	cstackBANK0,global,class=BANK0,space=1,delta=1,noexec
     7                           	psect	maintext,global,class=CODE,split=1,delta=2
     8                           	psect	text1,local,class=CODE,merge=1,delta=2
     9                           	psect	jmp_tab,global,class=ENTRY,delta=2
    10                           	psect	text2,local,class=CODE,merge=1,delta=2
    11                           	psect	text3,local,class=CODE,merge=1,delta=2
    12                           	psect	text4,local,class=CODE,merge=1,delta=2
    13                           	psect	text5,local,class=CODE,merge=1,delta=2
    14                           	psect	text6,local,class=CODE,merge=1,delta=2
    15                           	psect	idloc,global,abs,ovrld,class=IDLOC,space=5,delta=2,noexec
    16                           	psect	config,global,abs,ovrld,class=CONFIG,space=4,delta=2,noexec
    17                           	dabs	1,0x1C,4
    18      000                     
    19                           ; Version 2.40
    20                           ; Generated 06/12/2021 GMT
    21                           ; 
    22                           ; Copyright © 2021, Microchip Technology Inc. and its subsidiaries ("Microchip")
    23                           ; All rights reserved.
    24                           ; 
    25                           ; This software is developed by Microchip Technology Inc. and its subsidiaries ("Microch
      +                          ip").
    26                           ; 
    27                           ; Redistribution and use in source and binary forms, with or without modification, are
    28                           ; permitted provided that the following conditions are met:
    29                           ; 
    30                           ;     1. Redistributions of source code must retain the above copyright notice, this lis
      +                          t of
    31                           ;        conditions and the following disclaimer.
    32                           ; 
    33                           ;     2. Redistributions in binary form must reproduce the above copyright notice, this 
      +                          list
    34                           ;        of conditions and the following disclaimer in the documentation and/or other
    35                           ;        materials provided with the distribution. Publication is not required when
    36                           ;        this file is used in an embedded application.
    37                           ; 
    38                           ;     3. Microchip's name may not be used to endorse or promote products derived from th
      +                          is
    39                           ;        software without specific prior written permission.
    40                           ; 
    41                           ; THIS SOFTWARE IS PROVIDED BY MICROCHIP "AS IS" AND ANY EXPRESS OR IMPLIED WARRANTIES,
    42                           ; INCLUDING, BUT NOT LIMITED TO, THE IMPLIED WARRANTIES OF MERCHANTABILITY AND FITNESS F
      +                          OR
    43                           ; PURPOSE ARE DISCLAIMED.  IN NO EVENT SHALL MICROCHIP BE LIABLE FOR ANY DIRECT, INDIREC
      +                          T,
    44                           ; INCIDENTAL, SPECIAL, EXEMPLARY, OR CONSEQUENTIAL DAMAGES (INCLUDING BUT NOT LIMITED TO
    45                           ; PROCUREMENT OF SUBSTITUTE GOODS OR SERVICES; LOSS OF USE, DATA OR PROFITS; OR BUSINESS
    46                           ; INTERRUPTION) HOWSOEVER CAUSED AND ON ANY THEORY OF LIABILITY, WHETHER IN CONTRACT, ST
      +                          RICT
    47                           ; LIABILITY, OR TORT (INCLUDING NEGLIGENCE OR OTHERWISE) ARISING IN ANY WAY OUT OF THE U
      +                          SE OF
    48                           ; THIS SOFTWARE, EVEN IF ADVISED OF THE POSSIBILITY OF SUCH DAMAGE.
    49                           ; 
    50                           ; 
    51                           ; Code-generator required, PIC10F200 Definitions
    52                           ; 
    53                           ; SFR Addresses
    54      000                     	;# 
    55      001                     	;# 
    56      002                     	;# 
    57      003                     	;# 
    58      004                     	;# 
    59      005                     	;# 
    60      006                     	;# 
    61      006                     _GPIO	set	6
    62      000                     _OPTION	set	0
    63      006                     _TRIS	set	6
    64                           
    65                           	psect	cinit
    66      001                     start_initialization:	
    67                           ; #config settings
    68                           
    69      001                     __initialization:
    70      001                     end_of_initialization:	
    71                           ;End of C runtime variable initialization code
    72                           
    73      001                     __end_of__initialization:
    74      001  0064               	clrf	4
    75      002  0ABA               	ljmp	_main	;jump to C main() function
    76                           
    77                           	psect	cstackCOMMON
    78      000                     __pcstackCOMMON:
    79      000                     ??_initialize:
    80      000                     ??_main:	
    81                           ; 1 bytes @ 0x0
    82                           
    83                           
    84                           	psect	cstackBANK0
    85      010                     __pcstackBANK0:	
    86                           ; 1 bytes @ 0x0
    87                           
    88      010                     ?_initialize:
    89      010                     ?_playB:	
    90                           ; 1 bytes @ 0x0
    91                           
    92      010                     ??_playB:	
    93                           ; 1 bytes @ 0x0
    94                           
    95      010                     ?_play2Nothing:	
    96                           ; 1 bytes @ 0x0
    97                           
    98      010                     ??_play2Nothing:	
    99                           ; 1 bytes @ 0x0
   100                           
   101      010                     ?_playNothing:	
   102                           ; 1 bytes @ 0x0
   103                           
   104      010                     ??_playNothing:	
   105                           ; 1 bytes @ 0x0
   106                           
   107      010                     ?_playF:	
   108                           ; 1 bytes @ 0x0
   109                           
   110      010                     ??_playF:	
   111                           ; 1 bytes @ 0x0
   112                           
   113      010                     ?_playA:	
   114                           ; 1 bytes @ 0x0
   115                           
   116      010                     ??_playA:	
   117                           ; 1 bytes @ 0x0
   118                           
   119      010                     ?_main:	
   120                           ; 1 bytes @ 0x0
   121                           
   122                           
   123                           ; 1 bytes @ 0x0
   124      010                     	ds	1
   125      011                     playB@i:
   126      011                     play2Nothing@i:	
   127                           ; 2 bytes @ 0x1
   128                           
   129      011                     playNothing@i:	
   130                           ; 2 bytes @ 0x1
   131                           
   132      011                     playF@i:	
   133                           ; 2 bytes @ 0x1
   134                           
   135      011                     playA@i:	
   136                           ; 2 bytes @ 0x1
   137                           
   138                           
   139                           ; 2 bytes @ 0x1
   140      011                     	ds	2
   141                           
   142                           	psect	maintext
   143      0BA                     __pmaintext:	
   144 ;;
   145 ;;Main: autosize = 0, tempsize = 0, incstack = 0, save=0
   146 ;;
   147 ;; *************** function _main *****************
   148 ;; Defined at:
   149 ;;		line 77 in file "main.c"
   150 ;; Parameters:    Size  Location     Type
   151 ;;		None
   152 ;; Auto vars:     Size  Location     Type
   153 ;;		None
   154 ;; Return value:  Size  Location     Type
   155 ;;                  1   45[None  ] void 
   156 ;; Registers used:
   157 ;;		wreg, fsr0l, fsr0h, status,2, status,0, btemp+0, btemp+1, btemp+2, btemp+3, pclath, cstack
   158 ;; Tracked objects:
   159 ;;		On entry : B00/0
   160 ;;		On exit  : 0/0
   161 ;;		Unchanged: 0/0
   162 ;; Data sizes:     COMMON   BANK0
   163 ;;      Params:         0       0
   164 ;;      Locals:         0       0
   165 ;;      Temps:          0       0
   166 ;;      Totals:         0       0
   167 ;;Total ram usage:        0 bytes
   168 ;; Hardware stack levels required when called: 1
   169 ;; This function calls:
   170 ;;		_initialize
   171 ;;		_play2Nothing
   172 ;;		_playA
   173 ;;		_playB
   174 ;;		_playF
   175 ;;		_playNothing
   176 ;; This function is called by:
   177 ;;		Startup code after reset
   178 ;; This function uses a non-reentrant model
   179 ;;
   180                           
   181      0BA                     _main:	
   182                           ;psect for function _main
   183                           
   184      0BA                     l735:	
   185                           ;incstack = 0
   186                           ; Regs used in _main: [wreg-fsr0h+status,2-btemp+3+pclath+cstack]
   187                           
   188                           
   189                           ;main.c: 79:     initialize();
   190      0BA  09FE               	fcall	entry__initialize
   191      0BB                     l737:
   192                           
   193                           ;main.c: 81:     {;main.c: 82:         playB();
   194      0BB  09FB               	fcall	entry__playB
   195      0BC                     l739:
   196                           
   197                           ;main.c: 83:         play2Nothing();
   198      0BC  09FD               	fcall	entry__play2Nothing
   199      0BD                     l741:
   200                           
   201                           ;main.c: 84:         playF();
   202      0BD  09FA               	fcall	entry__playF
   203      0BE                     l743:
   204                           
   205                           ;main.c: 85:         playNothing();
   206      0BE  09F9               	fcall	entry__playNothing
   207      0BF                     l745:
   208                           
   209                           ;main.c: 86:         playA();
   210      0BF  09FC               	fcall	entry__playA
   211      0C0                     l747:
   212                           
   213                           ;main.c: 87:         playF();
   214      0C0  09FA               	fcall	entry__playF
   215      0C1                     l749:
   216                           
   217                           ;main.c: 88:         playB();
   218      0C1  09FB               	fcall	entry__playB
   219      0C2                     l751:
   220                           
   221                           ;main.c: 89:         playNothing();
   222      0C2  09F9               	fcall	entry__playNothing
   223      0C3                     l753:
   224                           
   225                           ;main.c: 90:         playF();
   226      0C3  09FA               	fcall	entry__playF
   227      0C4                     l755:
   228                           
   229                           ;main.c: 91:         playNothing();
   230      0C4  09F9               	fcall	entry__playNothing
   231      0C5                     l757:
   232                           
   233                           ;main.c: 92:         playA();
   234      0C5  09FC               	fcall	entry__playA
   235      0C6                     l759:
   236                           
   237                           ;main.c: 93:         playF();
   238      0C6  09FA               	fcall	entry__playF
   239      0C7  0ABB               	goto	l737
   240      0C8  0A00               	ljmp	start
   241      0C9                     __end_of_main:
   242                           
   243                           	psect	text1
   244      074                     __ptext1:	
   245 ;; *************** function _playNothing *****************
   246 ;; Defined at:
   247 ;;		line 46 in file "main.c"
   248 ;; Parameters:    Size  Location     Type
   249 ;;		None
   250 ;; Auto vars:     Size  Location     Type
   251 ;;  i               2    1[BANK0 ] int 
   252 ;; Return value:  Size  Location     Type
   253 ;;                  1   23[None  ] void 
   254 ;; Registers used:
   255 ;;		wreg, fsr0l, fsr0h, status,2, btemp+0, btemp+1, btemp+2, btemp+3
   256 ;; Tracked objects:
   257 ;;		On entry : 0/0
   258 ;;		On exit  : 0/0
   259 ;;		Unchanged: 0/0
   260 ;; Data sizes:     COMMON   BANK0
   261 ;;      Params:         0       0
   262 ;;      Locals:         0       2
   263 ;;      Temps:          0       1
   264 ;;      Totals:         0       3
   265 ;;Total ram usage:        3 bytes
   266 ;; Hardware stack levels used: 1
   267 ;; This function calls:
   268 ;;		Nothing
   269 ;; This function is called by:
   270 ;;		_main
   271 ;; This function uses a non-reentrant model
   272 ;;
   273                           
   274      074                     _playNothing:	
   275                           ;psect for function _playNothing
   276                           
   277      074                     l695:
   278                           
   279                           ;main.c: 48:     for (int i = 0; i<150/2; i++)
   280      074  0071               	clrf	playNothing@i
   281      075  0072               	clrf	playNothing@i+1
   282      076                     l701:
   283                           
   284                           ;main.c: 49:     {;main.c: 50:        _delay((unsigned long)((1013)*(4000000/4000000.0))
      +                          );
   285      076  0CCA               	movlw	202
   286      077  0030               	movwf	??_playNothing
   287      078                     u127:
   288      078  0A79               	nop2
   289      079  02F0               	decfsz	??_playNothing,f
   290      07A  0A78               	goto	u127
   291      07B  0A7C               	nop2
   292      07C                     l703:
   293                           
   294                           ;main.c: 51:     }
   295      07C  0C01               	movlw	1
   296      07D  003C               	movwf	btemp
   297      07E  007D               	clrf	btemp+1
   298      07F  021C               	movf	wtemp0,w
   299      080  01F1               	addwf	playNothing@i,f
   300      081  0603               	skipnc
   301      082  02B2               	incf	playNothing@i+1,f
   302      083  021D               	movf	wtemp0+1,w
   303      084  01F2               	addwf	playNothing@i+1,f
   304      085                     l705:
   305      085  0212               	movf	playNothing@i+1,w
   306      086  003F               	movwf	btemp+3
   307      087  0211               	movf	playNothing@i,w
   308      088  003E               	movwf	btemp+2
   309      089  021F               	movf	wtemp1+1,w
   310      08A  0F80               	xorlw	128
   311      08B  003C               	movwf	btemp
   312      08C  0C80               	movlw	128
   313      08D  009C               	subwf	btemp,w
   314      08E  0743               	skipz
   315      08F  0A92               	goto	u95
   316      090  0C4B               	movlw	75
   317      091  009E               	subwf	wtemp1,w
   318      092                     u95:
   319      092  0703               	skipc
   320      093  0A95               	goto	u91
   321      094  0A96               	goto	u90
   322      095                     u91:
   323      095  0A76               	goto	l701
   324      096                     u90:
   325      096                     l26:
   326      096  0800               	retlw	0
   327      097                     __end_of_playNothing:
   328                           
   329                           	psect	jmp_tab
   330      0F9                     __pjmp_tab:	
   331                           ;incstack = 0
   332                           ; Regs used in _playNothing: [wreg-fsr0h+status,2+btemp+0-btemp+3]
   333                           
   334      0F9                     entry__playNothing:
   335      0F9  0A74               	ljmp	_playNothing
   336      0FA                     entry__playF:	
   337                           ;incstack = 0
   338                           ; Regs used in _playF: [wreg-fsr0h+status,2-btemp+3]
   339                           
   340      0FA  0A2A               	ljmp	_playF
   341      0FB                     entry__playB:	
   342                           ;incstack = 0
   343                           ; Regs used in _playB: [wreg-fsr0h+status,2-btemp+3]
   344                           
   345      0FB  0A03               	ljmp	_playB
   346      0FC                     entry__playA:	
   347                           ;incstack = 0
   348                           ; Regs used in _playA: [wreg-fsr0h+status,2-btemp+3]
   349                           
   350      0FC  0A4F               	ljmp	_playA
   351      0FD                     entry__play2Nothing:	
   352                           ;incstack = 0
   353                           ; Regs used in _play2Nothing: [wreg-fsr0h+status,2+btemp+0-btemp+3]
   354                           
   355      0FD  0A97               	ljmp	_play2Nothing
   356      0FE                     entry__initialize:	
   357                           ;incstack = 0
   358                           ; Regs used in _initialize: [wreg]
   359                           
   360      0FE  0AC9               	ljmp	_initialize
   361                           
   362                           	psect	text2
   363      02A                     __ptext2:	
   364 ;; *************** function _playF *****************
   365 ;; Defined at:
   366 ;;		line 53 in file "main.c"
   367 ;; Parameters:    Size  Location     Type
   368 ;;		None
   369 ;; Auto vars:     Size  Location     Type
   370 ;;  i               2    1[BANK0 ] int 
   371 ;; Return value:  Size  Location     Type
   372 ;;                  1   28[None  ] void 
   373 ;; Registers used:
   374 ;;		wreg, fsr0l, fsr0h, status,2, status,0, btemp+0, btemp+1, btemp+2, btemp+3
   375 ;; Tracked objects:
   376 ;;		On entry : 0/0
   377 ;;		On exit  : 0/0
   378 ;;		Unchanged: 0/0
   379 ;; Data sizes:     COMMON   BANK0
   380 ;;      Params:         0       0
   381 ;;      Locals:         0       2
   382 ;;      Temps:          0       1
   383 ;;      Totals:         0       3
   384 ;;Total ram usage:        3 bytes
   385 ;; Hardware stack levels used: 1
   386 ;; This function calls:
   387 ;;		Nothing
   388 ;; This function is called by:
   389 ;;		_main
   390 ;; This function uses a non-reentrant model
   391 ;;
   392                           
   393      02A                     _playF:	
   394                           ;psect for function _playF
   395                           
   396      02A                     l707:
   397                           
   398                           ;main.c: 55:     for (int i = 0; i<2*150; i++)
   399      02A  0071               	clrf	playF@i
   400      02B  0072               	clrf	playF@i+1
   401      02C                     l713:
   402                           
   403                           ;main.c: 56:     {;main.c: 57:        GPIO ^= 1UL << 0;
   404      02C  0C01               	movlw	1
   405      02D  003F               	movwf	btemp+3
   406      02E  021F               	movf	btemp+3,w
   407      02F  01A6               	xorwf	6,f	;volatile
   408      030                     l715:
   409                           
   410                           ;main.c: 58:        _delay((unsigned long)((676)*(4000000/4000000.0)));
   411      030  0CE1               	movlw	225
   412      031  0030               	movwf	??_playF
   413      032                     u137:
   414      032  02F0               	decfsz	??_playF,f
   415      033  0A32               	goto	u137
   416      034                     l717:
   417                           
   418                           ;main.c: 59:     }
   419      034  0C01               	movlw	1
   420      035  003C               	movwf	btemp
   421      036  007D               	clrf	btemp+1
   422      037  021C               	movf	wtemp0,w
   423      038  01F1               	addwf	playF@i,f
   424      039  0603               	skipnc
   425      03A  02B2               	incf	playF@i+1,f
   426      03B  021D               	movf	wtemp0+1,w
   427      03C  01F2               	addwf	playF@i+1,f
   428      03D                     l719:
   429      03D  0212               	movf	playF@i+1,w
   430      03E  003F               	movwf	btemp+3
   431      03F  0211               	movf	playF@i,w
   432      040  003E               	movwf	btemp+2
   433      041  021F               	movf	wtemp1+1,w
   434      042  0F80               	xorlw	128
   435      043  003C               	movwf	btemp
   436      044  0C81               	movlw	129
   437      045  009C               	subwf	btemp,w
   438      046  0743               	skipz
   439      047  0A4A               	goto	u105
   440      048  0C2C               	movlw	44
   441      049  009E               	subwf	wtemp1,w
   442      04A                     u105:
   443      04A  0703               	skipc
   444      04B  0A4D               	goto	u101
   445      04C  0A4E               	goto	u100
   446      04D                     u101:
   447      04D  0A2C               	goto	l713
   448      04E                     u100:
   449      04E                     l31:
   450      04E  0800               	retlw	0
   451      04F                     __end_of_playF:
   452                           
   453                           	psect	text3
   454      003                     __ptext3:	
   455 ;; *************** function _playB *****************
   456 ;; Defined at:
   457 ;;		line 30 in file "main.c"
   458 ;; Parameters:    Size  Location     Type
   459 ;;		None
   460 ;; Auto vars:     Size  Location     Type
   461 ;;  i               2    1[BANK0 ] int 
   462 ;; Return value:  Size  Location     Type
   463 ;;                  1   13[None  ] void 
   464 ;; Registers used:
   465 ;;		wreg, fsr0l, fsr0h, status,2, status,0, btemp+0, btemp+1, btemp+2, btemp+3
   466 ;; Tracked objects:
   467 ;;		On entry : 0/0
   468 ;;		On exit  : 0/0
   469 ;;		Unchanged: 0/0
   470 ;; Data sizes:     COMMON   BANK0
   471 ;;      Params:         0       0
   472 ;;      Locals:         0       2
   473 ;;      Temps:          0       1
   474 ;;      Totals:         0       3
   475 ;;Total ram usage:        3 bytes
   476 ;; Hardware stack levels used: 1
   477 ;; This function calls:
   478 ;;		Nothing
   479 ;; This function is called by:
   480 ;;		_main
   481 ;; This function uses a non-reentrant model
   482 ;;
   483                           
   484      003                     _playB:	
   485                           ;psect for function _playB
   486                           
   487      003                     l669:
   488                           
   489                           ;main.c: 32:     for (int i = 0; i<150; i++)
   490      003  0071               	clrf	playB@i
   491      004  0072               	clrf	playB@i+1
   492      005                     l675:
   493                           
   494                           ;main.c: 33:     {;main.c: 34:        GPIO ^= 1UL << 0;
   495      005  0C01               	movlw	1
   496      006  003F               	movwf	btemp+3
   497      007  021F               	movf	btemp+3,w
   498      008  01A6               	xorwf	6,f	;volatile
   499      009                     l677:
   500                           
   501                           ;main.c: 35:        _delay((unsigned long)((1013)*(4000000/4000000.0)));
   502      009  0CCA               	movlw	202
   503      00A  0030               	movwf	??_playB
   504      00B                     u147:
   505      00B  0A0C               	nop2
   506      00C  02F0               	decfsz	??_playB,f
   507      00D  0A0B               	goto	u147
   508      00E  0A0F               	nop2
   509      00F                     l679:
   510                           
   511                           ;main.c: 36:     }
   512      00F  0C01               	movlw	1
   513      010  003C               	movwf	btemp
   514      011  007D               	clrf	btemp+1
   515      012  021C               	movf	wtemp0,w
   516      013  01F1               	addwf	playB@i,f
   517      014  0603               	skipnc
   518      015  02B2               	incf	playB@i+1,f
   519      016  021D               	movf	wtemp0+1,w
   520      017  01F2               	addwf	playB@i+1,f
   521      018                     l681:
   522      018  0212               	movf	playB@i+1,w
   523      019  003F               	movwf	btemp+3
   524      01A  0211               	movf	playB@i,w
   525      01B  003E               	movwf	btemp+2
   526      01C  021F               	movf	wtemp1+1,w
   527      01D  0F80               	xorlw	128
   528      01E  003C               	movwf	btemp
   529      01F  0C80               	movlw	128
   530      020  009C               	subwf	btemp,w
   531      021  0743               	skipz
   532      022  0A25               	goto	u75
   533      023  0C96               	movlw	150
   534      024  009E               	subwf	wtemp1,w
   535      025                     u75:
   536      025  0703               	skipc
   537      026  0A28               	goto	u71
   538      027  0A29               	goto	u70
   539      028                     u71:
   540      028  0A05               	goto	l675
   541      029                     u70:
   542      029                     l16:
   543      029  0800               	retlw	0
   544      02A                     __end_of_playB:
   545                           
   546                           	psect	text4
   547      04F                     __ptext4:	
   548 ;; *************** function _playA *****************
   549 ;; Defined at:
   550 ;;		line 61 in file "main.c"
   551 ;; Parameters:    Size  Location     Type
   552 ;;		None
   553 ;; Auto vars:     Size  Location     Type
   554 ;;  i               2    1[BANK0 ] int 
   555 ;; Return value:  Size  Location     Type
   556 ;;                  1   33[None  ] void 
   557 ;; Registers used:
   558 ;;		wreg, fsr0l, fsr0h, status,2, status,0, btemp+0, btemp+1, btemp+2, btemp+3
   559 ;; Tracked objects:
   560 ;;		On entry : 0/0
   561 ;;		On exit  : 0/0
   562 ;;		Unchanged: 0/0
   563 ;; Data sizes:     COMMON   BANK0
   564 ;;      Params:         0       0
   565 ;;      Locals:         0       2
   566 ;;      Temps:          0       1
   567 ;;      Totals:         0       3
   568 ;;Total ram usage:        3 bytes
   569 ;; Hardware stack levels used: 1
   570 ;; This function calls:
   571 ;;		Nothing
   572 ;; This function is called by:
   573 ;;		_main
   574 ;; This function uses a non-reentrant model
   575 ;;
   576                           
   577      04F                     _playA:	
   578                           ;psect for function _playA
   579                           
   580      04F                     l721:
   581                           
   582                           ;main.c: 63:     for (int i = 0; i<2*150; i++)
   583      04F  0071               	clrf	playA@i
   584      050  0072               	clrf	playA@i+1
   585      051                     l727:
   586                           
   587                           ;main.c: 64:     {;main.c: 65:        GPIO ^= 1UL << 0;
   588      051  0C01               	movlw	1
   589      052  003F               	movwf	btemp+3
   590      053  021F               	movf	btemp+3,w
   591      054  01A6               	xorwf	6,f	;volatile
   592      055                     l729:
   593                           
   594                           ;main.c: 66:        _delay((unsigned long)((568)*(4000000/4000000.0)));
   595      055  0CBD               	movlw	189
   596      056  0030               	movwf	??_playA
   597      057                     u157:
   598      057  02F0               	decfsz	??_playA,f
   599      058  0A57               	goto	u157
   600      059                     l731:
   601                           
   602                           ;main.c: 67:     }
   603      059  0C01               	movlw	1
   604      05A  003C               	movwf	btemp
   605      05B  007D               	clrf	btemp+1
   606      05C  021C               	movf	wtemp0,w
   607      05D  01F1               	addwf	playA@i,f
   608      05E  0603               	skipnc
   609      05F  02B2               	incf	playA@i+1,f
   610      060  021D               	movf	wtemp0+1,w
   611      061  01F2               	addwf	playA@i+1,f
   612      062                     l733:
   613      062  0212               	movf	playA@i+1,w
   614      063  003F               	movwf	btemp+3
   615      064  0211               	movf	playA@i,w
   616      065  003E               	movwf	btemp+2
   617      066  021F               	movf	wtemp1+1,w
   618      067  0F80               	xorlw	128
   619      068  003C               	movwf	btemp
   620      069  0C81               	movlw	129
   621      06A  009C               	subwf	btemp,w
   622      06B  0743               	skipz
   623      06C  0A6F               	goto	u115
   624      06D  0C2C               	movlw	44
   625      06E  009E               	subwf	wtemp1,w
   626      06F                     u115:
   627      06F  0703               	skipc
   628      070  0A72               	goto	u111
   629      071  0A73               	goto	u110
   630      072                     u111:
   631      072  0A51               	goto	l727
   632      073                     u110:
   633      073                     l36:
   634      073  0800               	retlw	0
   635      074                     __end_of_playA:
   636                           
   637                           	psect	text5
   638      097                     __ptext5:	
   639 ;; *************** function _play2Nothing *****************
   640 ;; Defined at:
   641 ;;		line 39 in file "main.c"
   642 ;; Parameters:    Size  Location     Type
   643 ;;		None
   644 ;; Auto vars:     Size  Location     Type
   645 ;;  i               2    1[BANK0 ] int 
   646 ;; Return value:  Size  Location     Type
   647 ;;                  1   18[None  ] void 
   648 ;; Registers used:
   649 ;;		wreg, fsr0l, fsr0h, status,2, btemp+0, btemp+1, btemp+2, btemp+3
   650 ;; Tracked objects:
   651 ;;		On entry : 0/0
   652 ;;		On exit  : 0/0
   653 ;;		Unchanged: 0/0
   654 ;; Data sizes:     COMMON   BANK0
   655 ;;      Params:         0       0
   656 ;;      Locals:         0       2
   657 ;;      Temps:          0       1
   658 ;;      Totals:         0       3
   659 ;;Total ram usage:        3 bytes
   660 ;; Hardware stack levels used: 1
   661 ;; This function calls:
   662 ;;		Nothing
   663 ;; This function is called by:
   664 ;;		_main
   665 ;; This function uses a non-reentrant model
   666 ;;
   667                           
   668      097                     _play2Nothing:	
   669                           ;psect for function _play2Nothing
   670                           
   671      097                     l683:
   672                           
   673                           ;main.c: 41:     for (int i = 0; i<150; i++)
   674      097  0071               	clrf	play2Nothing@i
   675      098  0072               	clrf	play2Nothing@i+1
   676      099                     l689:
   677                           
   678                           ;main.c: 42:     {;main.c: 43:        _delay((unsigned long)((1013)*(4000000/4000000.0))
      +                          );
   679      099  0CCA               	movlw	202
   680      09A  0030               	movwf	??_play2Nothing
   681      09B                     u167:
   682      09B  0A9C               	nop2
   683      09C  02F0               	decfsz	??_play2Nothing,f
   684      09D  0A9B               	goto	u167
   685      09E  0A9F               	nop2
   686      09F                     l691:
   687                           
   688                           ;main.c: 44:     }
   689      09F  0C01               	movlw	1
   690      0A0  003C               	movwf	btemp
   691      0A1  007D               	clrf	btemp+1
   692      0A2  021C               	movf	wtemp0,w
   693      0A3  01F1               	addwf	play2Nothing@i,f
   694      0A4  0603               	skipnc
   695      0A5  02B2               	incf	play2Nothing@i+1,f
   696      0A6  021D               	movf	wtemp0+1,w
   697      0A7  01F2               	addwf	play2Nothing@i+1,f
   698      0A8                     l693:
   699      0A8  0212               	movf	play2Nothing@i+1,w
   700      0A9  003F               	movwf	btemp+3
   701      0AA  0211               	movf	play2Nothing@i,w
   702      0AB  003E               	movwf	btemp+2
   703      0AC  021F               	movf	wtemp1+1,w
   704      0AD  0F80               	xorlw	128
   705      0AE  003C               	movwf	btemp
   706      0AF  0C80               	movlw	128
   707      0B0  009C               	subwf	btemp,w
   708      0B1  0743               	skipz
   709      0B2  0AB5               	goto	u85
   710      0B3  0C96               	movlw	150
   711      0B4  009E               	subwf	wtemp1,w
   712      0B5                     u85:
   713      0B5  0703               	skipc
   714      0B6  0AB8               	goto	u81
   715      0B7  0AB9               	goto	u80
   716      0B8                     u81:
   717      0B8  0A99               	goto	l689
   718      0B9                     u80:
   719      0B9                     l21:
   720      0B9  0800               	retlw	0
   721      0BA                     __end_of_play2Nothing:
   722                           
   723                           	psect	text6
   724      0C9                     __ptext6:	
   725 ;; *************** function _initialize *****************
   726 ;; Defined at:
   727 ;;		line 25 in file "main.c"
   728 ;; Parameters:    Size  Location     Type
   729 ;;		None
   730 ;; Auto vars:     Size  Location     Type
   731 ;;		None
   732 ;; Return value:  Size  Location     Type
   733 ;;                  1   10[None  ] void 
   734 ;; Registers used:
   735 ;;		wreg
   736 ;; Tracked objects:
   737 ;;		On entry : 0/0
   738 ;;		On exit  : 0/0
   739 ;;		Unchanged: 0/0
   740 ;; Data sizes:     COMMON   BANK0
   741 ;;      Params:         0       0
   742 ;;      Locals:         0       0
   743 ;;      Temps:          0       0
   744 ;;      Totals:         0       0
   745 ;;Total ram usage:        0 bytes
   746 ;; Hardware stack levels used: 1
   747 ;; This function calls:
   748 ;;		Nothing
   749 ;; This function is called by:
   750 ;;		_main
   751 ;; This function uses a non-reentrant model
   752 ;;
   753                           
   754      0C9                     _initialize:	
   755                           ;psect for function _initialize
   756                           
   757      0C9                     l667:
   758                           
   759                           ;main.c: 27:     TRIS = 0b1000;
   760      0C9  0C08               	movlw	8
   761      0CA  0006               	tris	6
   762                           
   763                           ;main.c: 28:     OPTION = 0b11011111;
   764      0CB  0CDF               	movlw	223
   765      0CC  0002               	option
   766      0CD                     l11:
   767      0CD  0800               	retlw	0
   768      0CE                     __end_of_initialize:
   769      01C                     btemp	set	28	;btemp
   770      01C                     wtemp0	set	28
   771      01E                     wtemp1	set	30
   772      01C                     ttemp0	set	28
   773      01C                     ltemp0	set	28
   774                           
   775                           	psect	idloc
   776                           
   777                           ;Config register IDLOC0 @ 0x100
   778                           ;	unspecified, using default values
   779      100                     	org	256
   780      100  0FFF               	dw	4095
   781                           
   782                           ;Config register IDLOC1 @ 0x101
   783                           ;	unspecified, using default values
   784      101                     	org	257
   785      101  0FFF               	dw	4095
   786                           
   787                           ;Config register IDLOC2 @ 0x102
   788                           ;	unspecified, using default values
   789      102                     	org	258
   790      102  0FFF               	dw	4095
   791                           
   792                           ;Config register IDLOC3 @ 0x103
   793                           ;	unspecified, using default values
   794      103                     	org	259
   795      103  0FFF               	dw	4095
   796                           
   797                           	psect	config
   798                           
   799                           ;Config register CONFIG @ 0xFFF
   800                           ;	Oscillator
   801                           ;	OSC = 0x1, unprogrammed default
   802                           ;	Watchdog Timer
   803                           ;	WDTE = OFF, WDT disabled
   804                           ;	Code Protect
   805                           ;	CP = OFF, Code protection off
   806                           ;	Master Clear Enable
   807                           ;	MCLRE = ON, GP3/MCLR pin function  is MCLR
   808      FFF                     	org	4095
   809      FFF  0FFB               	dw	4091

Data Sizes:
    Strings     0
    Constant    0
    Data        0
    BSS         0
    Persistent  0
    Stack       0

Auto Spaces:
    Space          Size  Autos    Used
    COMMON            0      0       0
    BANK0            14      3       3

Pointer List with Targets:

    None.

Critical Paths under _main in COMMON

    None.

Critical Paths under _main in BANK0

    _main->_play2Nothing
    _main->_playA
    _main->_playB
    _main->_playF
    _main->_playNothing

Call Graph Tables:

 ---------------------------------------------------------------------------------
 (Depth) Function   	        Calls       Base Space   Used Autos Params    Refs
 ---------------------------------------------------------------------------------
 (0) _main                                                 0     0      0     230
                         _initialize
                       _play2Nothing
                              _playA
                              _playB
                              _playF
                        _playNothing
 ---------------------------------------------------------------------------------
 (1) _playNothing                                          3     3      0      46
                                              0 BANK0      3     3      0
 ---------------------------------------------------------------------------------
 (1) _playF                                                3     3      0      46
                                              0 BANK0      3     3      0
 ---------------------------------------------------------------------------------
 (1) _playB                                                3     3      0      46
                                              0 BANK0      3     3      0
 ---------------------------------------------------------------------------------
 (1) _playA                                                3     3      0      46
                                              0 BANK0      3     3      0
 ---------------------------------------------------------------------------------
 (1) _play2Nothing                                         3     3      0      46
                                              0 BANK0      3     3      0
 ---------------------------------------------------------------------------------
 (1) _initialize                                           0     0      0       0
 ---------------------------------------------------------------------------------
 Estimated maximum stack depth 1
 ---------------------------------------------------------------------------------

 Call Graph Graphs:

 _main (ROOT)
   _initialize
   _play2Nothing
   _playA
   _playB
   _playF
   _playNothing

 Address spaces:
Name               Size   Autos  Total    Cost      Usage
BITCOMMON            0      0       0       0        0.0%
NULL                 0      0       0       0        0.0%
CODE                 0      0       0       0        0.0%
BITSFR0              0      0       0       1        0.0%
SFR0                 0      0       0       1        0.0%
COMMON               0      0       0       1        0.0%
STACK                0      0       0       2        0.0%
BANK0                E      3       3       3       21.4%
ABS                  0      0       0       4        0.0%
DATA                 0      0       0       5        0.0%
BITBANK0             E      0       0       6        0.0%


Microchip Technology PIC Macro Assembler V2.40 build 20220703182018 
Symbol Table                                                                                   Fri Dec 30 09:43:39 2022

                     l11 00CD                       l21 00B9                       l31 004E  
                     l16 0029                       l26 0096                       l36 0073  
                     u70 0029                       u71 0028                       u80 00B9  
                     u81 00B8                       u90 0096                       u75 0025  
                     u91 0095                       u85 00B5                       u95 0092  
                     fsr 0004                      l701 0076                      l703 007C  
                    l721 004F                      l713 002C                      l705 0085  
                    l731 0059                      l715 0030                      l707 002A  
                    l733 0062                      l717 0034                      l741 00BD  
                    l727 0051                      l719 003D                      l751 00C2  
                    l743 00BE                      l735 00BA                      l729 0055  
                    l681 0018                      l753 00C3                      l745 00BF  
                    l737 00BB                      l667 00C9                      l691 009F  
                    l683 0097                      l675 0005                      l755 00C4  
                    l747 00C0                      l739 00BC                      l693 00A8  
                    l677 0009                      l669 0003                      l757 00C5  
                    l749 00C1                      l679 000F                      l695 0074  
                    l759 00C6                      l689 0099                      u100 004E  
                    u101 004D                      u110 0073                      u111 0072  
                    u105 004A                      u115 006F                      u127 0078  
                    u137 0032                      u147 000B                      u157 0057  
                    u167 009B            play2Nothing@i 0011                     _GPIO 0006  
                   _TRIS 0006                     _main 00BA                     btemp 001C  
                   start 0000                    ?_main 0010                    _playA 004F  
                  _playB 0003                    _playF 002A                    ltemp0 001C  
                  ttemp0 001C                    wtemp0 001C                    wtemp1 001E  
        __initialization 0001             __end_of_main 00C9                   ??_main 0000  
           ?_playNothing 0010                   ?_playA 0010                   ?_playB 0010  
                 ?_playF 0010                   _OPTION 0000              entry__playA 00FC  
            entry__playB 00FB              entry__playF 00FA            ?_play2Nothing 0010  
                 playA@i 0011                   playB@i 0011                   playF@i 0011  
__end_of__initialization 0001           __pcstackCOMMON 0000            __end_of_playA 0074  
          __end_of_playB 002A            __end_of_playF 004F           ??_play2Nothing 0010  
                ??_playA 0010                  ??_playB 0010                  ??_playF 0010  
             __pmaintext 00BA               _initialize 00C9                  __ptext1 0074  
                __ptext2 002A                  __ptext3 0003                  __ptext4 004F  
                __ptext5 0097                  __ptext6 00C9        entry__playNothing 00F9  
   end_of_initialization 0001     __end_of_play2Nothing 00BA              ?_initialize 0010  
    start_initialization 0001                ___latbits 0000            __pcstackBANK0 0010  
              __pjmp_tab 00F9         entry__initialize 00FE            ??_playNothing 0010  
           _play2Nothing 0097             playNothing@i 0011       entry__play2Nothing 00FD  
    __end_of_playNothing 0097             ??_initialize 0000       __end_of_initialize 00CE  
            _playNothing 0074  
