

Microchip MPLAB XC8 Assembler V2.40 build 20220703182018 
                                                                                               Thu Dec 29 22:15:35 2022

Microchip MPLAB XC8 C Compiler v2.40 (Free license) build 20220703182018 Og1 
     1                           	processor	10F200
     2                           	pagewidth 120
     3                           	opt	flic
     4                           	psect	cinit,global,class=ENTRY,merge=1,delta=2
     5                           	psect	cstackCOMMON,global,class=COMMON,space=1,delta=1,noexec
     6                           	psect	cstackBANK0,global,class=BANK0,space=1,delta=1,noexec
     7                           	psect	maintext,global,class=CODE,split=1,delta=2
     8                           	psect	text1,local,class=CODE,merge=1,delta=2
     9                           	psect	jmp_tab,global,class=ENTRY,delta=2
    10                           	psect	text2,local,class=CODE,merge=1,delta=2
    11                           	psect	idloc,global,abs,ovrld,class=IDLOC,space=5,delta=2,noexec
    12                           	psect	config,global,abs,ovrld,class=CONFIG,space=4,delta=2,noexec
    13                           	dabs	1,0x1C,4
    14      000                     
    15                           ; Version 2.40
    16                           ; Generated 06/12/2021 GMT
    17                           ; 
    18                           ; Copyright © 2021, Microchip Technology Inc. and its subsidiaries ("Microchip")
    19                           ; All rights reserved.
    20                           ; 
    21                           ; This software is developed by Microchip Technology Inc. and its subsidiaries ("Microch
      +                          ip").
    22                           ; 
    23                           ; Redistribution and use in source and binary forms, with or without modification, are
    24                           ; permitted provided that the following conditions are met:
    25                           ; 
    26                           ;     1. Redistributions of source code must retain the above copyright notice, this lis
      +                          t of
    27                           ;        conditions and the following disclaimer.
    28                           ; 
    29                           ;     2. Redistributions in binary form must reproduce the above copyright notice, this 
      +                          list
    30                           ;        of conditions and the following disclaimer in the documentation and/or other
    31                           ;        materials provided with the distribution. Publication is not required when
    32                           ;        this file is used in an embedded application.
    33                           ; 
    34                           ;     3. Microchip's name may not be used to endorse or promote products derived from th
      +                          is
    35                           ;        software without specific prior written permission.
    36                           ; 
    37                           ; THIS SOFTWARE IS PROVIDED BY MICROCHIP "AS IS" AND ANY EXPRESS OR IMPLIED WARRANTIES,
    38                           ; INCLUDING, BUT NOT LIMITED TO, THE IMPLIED WARRANTIES OF MERCHANTABILITY AND FITNESS F
      +                          OR
    39                           ; PURPOSE ARE DISCLAIMED.  IN NO EVENT SHALL MICROCHIP BE LIABLE FOR ANY DIRECT, INDIREC
      +                          T,
    40                           ; INCIDENTAL, SPECIAL, EXEMPLARY, OR CONSEQUENTIAL DAMAGES (INCLUDING BUT NOT LIMITED TO
    41                           ; PROCUREMENT OF SUBSTITUTE GOODS OR SERVICES; LOSS OF USE, DATA OR PROFITS; OR BUSINESS
    42                           ; INTERRUPTION) HOWSOEVER CAUSED AND ON ANY THEORY OF LIABILITY, WHETHER IN CONTRACT, ST
      +                          RICT
    43                           ; LIABILITY, OR TORT (INCLUDING NEGLIGENCE OR OTHERWISE) ARISING IN ANY WAY OUT OF THE U
      +                          SE OF
    44                           ; THIS SOFTWARE, EVEN IF ADVISED OF THE POSSIBILITY OF SUCH DAMAGE.
    45                           ; 
    46                           ; 
    47                           ; Code-generator required, PIC10F200 Definitions
    48                           ; 
    49                           ; SFR Addresses
    50      000                     	;# 
    51      001                     	;# 
    52      002                     	;# 
    53      003                     	;# 
    54      004                     	;# 
    55      005                     	;# 
    56      006                     	;# 
    57      006                     _GPIO	set	6
    58      000                     _OPTION	set	0
    59      006                     _TRIS	set	6
    60                           
    61                           	psect	cinit
    62      001                     start_initialization:	
    63                           ; #config settings
    64                           
    65      001                     __initialization:
    66      001                     end_of_initialization:	
    67                           ;End of C runtime variable initialization code
    68                           
    69      001                     __end_of__initialization:
    70      001  0064               	clrf	4
    71      002  0A2A               	ljmp	_main	;jump to C main() function
    72                           
    73                           	psect	cstackCOMMON
    74      000                     __pcstackCOMMON:
    75      000                     ??_initialize:
    76      000                     ??_playTest:	
    77                           ; 1 bytes @ 0x0
    78                           
    79      000                     ??_main:	
    80                           ; 1 bytes @ 0x0
    81                           
    82                           
    83                           	psect	cstackBANK0
    84      010                     __pcstackBANK0:	
    85                           ; 1 bytes @ 0x0
    86                           
    87      010                     ?_initialize:
    88      010                     ?_playTest:	
    89                           ; 1 bytes @ 0x0
    90                           
    91      010                     ?_main:	
    92                           ; 1 bytes @ 0x0
    93                           
    94      010                     playTest@i:	
    95                           ; 1 bytes @ 0x0
    96                           
    97                           
    98                           ; 2 bytes @ 0x0
    99      010                     	ds	2
   100                           
   101                           	psect	maintext
   102      02A                     __pmaintext:	
   103 ;;
   104 ;;Main: autosize = 0, tempsize = 0, incstack = 0, save=0
   105 ;;
   106 ;; *************** function _main *****************
   107 ;; Defined at:
   108 ;;		line 77 in file "main.c"
   109 ;; Parameters:    Size  Location     Type
   110 ;;		None
   111 ;; Auto vars:     Size  Location     Type
   112 ;;		None
   113 ;; Return value:  Size  Location     Type
   114 ;;                  1   45[None  ] void 
   115 ;; Registers used:
   116 ;;		wreg, fsr0l, fsr0h, status,2, status,0, btemp+0, btemp+1, btemp+2, btemp+3, pclath, cstack
   117 ;; Tracked objects:
   118 ;;		On entry : B00/0
   119 ;;		On exit  : 0/0
   120 ;;		Unchanged: 0/0
   121 ;; Data sizes:     COMMON   BANK0
   122 ;;      Params:         0       0
   123 ;;      Locals:         0       0
   124 ;;      Temps:          0       0
   125 ;;      Totals:         0       0
   126 ;;Total ram usage:        0 bytes
   127 ;; Hardware stack levels required when called: 1
   128 ;; This function calls:
   129 ;;		_initialize
   130 ;;		_playTest
   131 ;; This function is called by:
   132 ;;		Startup code after reset
   133 ;; This function uses a non-reentrant model
   134 ;;
   135                           
   136      02A                     _main:	
   137                           ;psect for function _main
   138                           
   139      02A                     l661:	
   140                           ;incstack = 0
   141                           ; Regs used in _main: [wreg-fsr0h+status,2-btemp+3+pclath+cstack]
   142                           
   143                           
   144                           ;main.c: 79:     initialize();
   145      02A  09FE               	fcall	entry__initialize
   146      02B                     l663:
   147                           
   148                           ;main.c: 81:     {;main.c: 82:         playTest();
   149      02B  09FD               	fcall	entry__playTest
   150      02C  0A2B               	goto	l663
   151      02D  0A00               	ljmp	start
   152      02E                     __end_of_main:
   153                           
   154                           	psect	text1
   155      003                     __ptext1:	
   156 ;; *************** function _playTest *****************
   157 ;; Defined at:
   158 ;;		line 69 in file "main.c"
   159 ;; Parameters:    Size  Location     Type
   160 ;;		None
   161 ;; Auto vars:     Size  Location     Type
   162 ;;  i               2    0[BANK0 ] int 
   163 ;; Return value:  Size  Location     Type
   164 ;;                  1   38[None  ] void 
   165 ;; Registers used:
   166 ;;		wreg, fsr0l, fsr0h, status,2, status,0, btemp+0, btemp+1, btemp+2, btemp+3
   167 ;; Tracked objects:
   168 ;;		On entry : 0/0
   169 ;;		On exit  : 0/0
   170 ;;		Unchanged: 0/0
   171 ;; Data sizes:     COMMON   BANK0
   172 ;;      Params:         0       0
   173 ;;      Locals:         0       2
   174 ;;      Temps:          0       0
   175 ;;      Totals:         0       2
   176 ;;Total ram usage:        2 bytes
   177 ;; Hardware stack levels used: 1
   178 ;; This function calls:
   179 ;;		Nothing
   180 ;; This function is called by:
   181 ;;		_main
   182 ;; This function uses a non-reentrant model
   183 ;;
   184                           
   185      003                     _playTest:	
   186                           ;psect for function _playTest
   187                           
   188      003                     l647:
   189                           
   190                           ;main.c: 71:     for (int i = 0; i<2*150; i++)
   191      003  0070               	clrf	playTest@i
   192      004  0071               	clrf	playTest@i+1
   193      005                     l653:
   194                           
   195                           ;main.c: 72:     {;main.c: 73:        GPIO ^= 1UL << 0;
   196      005  0C01               	movlw	1
   197      006  003F               	movwf	btemp+3
   198      007  021F               	movf	btemp+3,w
   199      008  01A6               	xorwf	6,f	;volatile
   200      009                     l655:
   201                           
   202                           ;main.c: 74:        _delay((unsigned long)((1)*(4000000/4000000.0)));
   203      009  0000               	nop
   204      00A                     l657:
   205                           
   206                           ;main.c: 75:     }
   207      00A  0C01               	movlw	1
   208      00B  003C               	movwf	btemp
   209      00C  007D               	clrf	btemp+1
   210      00D  021C               	movf	wtemp0,w
   211      00E  01F0               	addwf	playTest@i,f
   212      00F  0603               	skipnc
   213      010  02B1               	incf	playTest@i+1,f
   214      011  021D               	movf	wtemp0+1,w
   215      012  01F1               	addwf	playTest@i+1,f
   216      013                     l659:
   217      013  0211               	movf	playTest@i+1,w
   218      014  003F               	movwf	btemp+3
   219      015  0210               	movf	playTest@i,w
   220      016  003E               	movwf	btemp+2
   221      017  021F               	movf	wtemp1+1,w
   222      018  0F80               	xorlw	128
   223      019  003C               	movwf	btemp
   224      01A  0C81               	movlw	129
   225      01B  009C               	subwf	btemp,w
   226      01C  0743               	skipz
   227      01D  0A20               	goto	u75
   228      01E  0C2C               	movlw	44
   229      01F  009E               	subwf	wtemp1,w
   230      020                     u75:
   231      020  0703               	skipc
   232      021  0A23               	goto	u71
   233      022  0A24               	goto	u70
   234      023                     u71:
   235      023  0A05               	goto	l653
   236      024                     u70:
   237      024                     l41:
   238      024  0800               	retlw	0
   239      025                     __end_of_playTest:
   240                           
   241                           	psect	jmp_tab
   242      0FD                     __pjmp_tab:	
   243                           ;incstack = 0
   244                           ; Regs used in _playTest: [wreg-fsr0h+status,2-btemp+3]
   245                           
   246      0FD                     entry__playTest:
   247      0FD  0A03               	ljmp	_playTest
   248      0FE                     entry__initialize:	
   249                           ;incstack = 0
   250                           ; Regs used in _initialize: [wreg]
   251                           
   252      0FE  0A25               	ljmp	_initialize
   253                           
   254                           	psect	text2
   255      025                     __ptext2:	
   256 ;; *************** function _initialize *****************
   257 ;; Defined at:
   258 ;;		line 25 in file "main.c"
   259 ;; Parameters:    Size  Location     Type
   260 ;;		None
   261 ;; Auto vars:     Size  Location     Type
   262 ;;		None
   263 ;; Return value:  Size  Location     Type
   264 ;;                  1   10[None  ] void 
   265 ;; Registers used:
   266 ;;		wreg
   267 ;; Tracked objects:
   268 ;;		On entry : 0/0
   269 ;;		On exit  : 0/0
   270 ;;		Unchanged: 0/0
   271 ;; Data sizes:     COMMON   BANK0
   272 ;;      Params:         0       0
   273 ;;      Locals:         0       0
   274 ;;      Temps:          0       0
   275 ;;      Totals:         0       0
   276 ;;Total ram usage:        0 bytes
   277 ;; Hardware stack levels used: 1
   278 ;; This function calls:
   279 ;;		Nothing
   280 ;; This function is called by:
   281 ;;		_main
   282 ;; This function uses a non-reentrant model
   283 ;;
   284                           
   285      025                     _initialize:	
   286                           ;psect for function _initialize
   287                           
   288      025                     l645:
   289                           
   290                           ;main.c: 27:     TRIS = 0b1000;
   291      025  0C08               	movlw	8
   292      026  0006               	tris	6
   293                           
   294                           ;main.c: 28:     OPTION = 0b11011111;
   295      027  0CDF               	movlw	223
   296      028  0002               	option
   297      029                     l11:
   298      029  0800               	retlw	0
   299      02A                     __end_of_initialize:
   300      01C                     btemp	set	28	;btemp
   301      01C                     wtemp0	set	28
   302      01E                     wtemp1	set	30
   303      01C                     ttemp0	set	28
   304      01C                     ltemp0	set	28
   305                           
   306                           	psect	idloc
   307                           
   308                           ;Config register IDLOC0 @ 0x100
   309                           ;	unspecified, using default values
   310      100                     	org	256
   311      100  0FFF               	dw	4095
   312                           
   313                           ;Config register IDLOC1 @ 0x101
   314                           ;	unspecified, using default values
   315      101                     	org	257
   316      101  0FFF               	dw	4095
   317                           
   318                           ;Config register IDLOC2 @ 0x102
   319                           ;	unspecified, using default values
   320      102                     	org	258
   321      102  0FFF               	dw	4095
   322                           
   323                           ;Config register IDLOC3 @ 0x103
   324                           ;	unspecified, using default values
   325      103                     	org	259
   326      103  0FFF               	dw	4095
   327                           
   328                           	psect	config
   329                           
   330                           ;Config register CONFIG @ 0xFFF
   331                           ;	Oscillator
   332                           ;	OSC = 0x1, unprogrammed default
   333                           ;	Watchdog Timer
   334                           ;	WDTE = OFF, WDT disabled
   335                           ;	Code Protect
   336                           ;	CP = OFF, Code protection off
   337                           ;	Master Clear Enable
   338                           ;	MCLRE = ON, GP3/MCLR pin function  is MCLR
   339      FFF                     	org	4095
   340      FFF  0FFB               	dw	4091

Data Sizes:
    Strings     0
    Constant    0
    Data        0
    BSS         0
    Persistent  0
    Stack       0

Auto Spaces:
    Space          Size  Autos    Used
    COMMON            0      0       0
    BANK0            14      2       2

Pointer List with Targets:

    None.

Critical Paths under _main in COMMON

    None.

Critical Paths under _main in BANK0

    _main->_playTest

Call Graph Tables:

 ---------------------------------------------------------------------------------
 (Depth) Function   	        Calls       Base Space   Used Autos Params    Refs
 ---------------------------------------------------------------------------------
 (0) _main                                                 0     0      0      46
                         _initialize
                           _playTest
 ---------------------------------------------------------------------------------
 (1) _playTest                                             2     2      0      46
                                              0 BANK0      2     2      0
 ---------------------------------------------------------------------------------
 (1) _initialize                                           0     0      0       0
 ---------------------------------------------------------------------------------
 Estimated maximum stack depth 1
 ---------------------------------------------------------------------------------

 Call Graph Graphs:

 _main (ROOT)
   _initialize
   _playTest

 Address spaces:
Name               Size   Autos  Total    Cost      Usage
BITCOMMON            0      0       0       0        0.0%
NULL                 0      0       0       0        0.0%
CODE                 0      0       0       0        0.0%
BITSFR0              0      0       0       1        0.0%
SFR0                 0      0       0       1        0.0%
COMMON               0      0       0       1        0.0%
STACK                0      0       0       2        0.0%
BANK0                E      2       2       3       14.3%
ABS                  0      0       0       4        0.0%
DATA                 0      0       0       5        0.0%
BITBANK0             E      0       0       6        0.0%


Microchip Technology PIC Macro Assembler V2.40 build 20220703182018 
Symbol Table                                                                                   Thu Dec 29 22:15:35 2022

                     l11 0029                       l41 0024                       u70 0024  
                     u71 0023                       u75 0020                       fsr 0004  
                    l645 0025                      l653 0005                      l661 002A  
                    l655 0009                      l647 0003                      l663 002B  
                    l657 000A                      l659 0013                     _GPIO 0006  
                   _TRIS 0006                     _main 002A                     btemp 001C  
                   start 0000                    ?_main 0010                    ltemp0 001C  
                  ttemp0 001C                    wtemp0 001C                    wtemp1 001E  
        __initialization 0001             __end_of_main 002E                   ??_main 0000  
                 _OPTION 0000         __end_of_playTest 0025  __end_of__initialization 0001  
         __pcstackCOMMON 0000               __pmaintext 002A                ?_playTest 0010  
             _initialize 0025                  __ptext1 0003                  __ptext2 0025  
   end_of_initialization 0001               ??_playTest 0000              ?_initialize 0010  
    start_initialization 0001                ___latbits 0000            __pcstackBANK0 0010  
              __pjmp_tab 00FD           entry__playTest 00FD         entry__initialize 00FE  
           ??_initialize 0000                playTest@i 0010       __end_of_initialize 002A  
               _playTest 0003  
